[    1028ms] [LOG] %c
▲

  ________            ___    ____   ________                __
 /_  __/ /_  ___     /   |  /  _/  / ____/ /___  __  ______/ /
  / / / __ \/ _ \   / /| |  / /   / /   / / __ \/ / / / __  /
 / / / / / /  __/  / ___ |_/ /   / /___/ / /_/ / /_/ / /_/ /
/_/ /_/ /_/\___/  /_/  |_/___/   \____/_/\____/\__,_/\__,_/
  

Hello!

- Open Source https://vercel.com/oss
- Careers https://vercel.com/careers
- Status https://vercel-status.com

 font-family: "Geist Mono", monospace; white-space: pre; line-height: 1; @ https://vercel.com/_next/static/chunks/01y--5zzwwg65.js?dpl=dpl_9GeFkpuncc7yRjfsKpJdz5yTrgP7:72
[    1326ms] [WARNING] [GSI_LOGGER]: Your client application uses one of the Google One Tap prompt UI status methods that may stop functioning when FedCM becomes mandatory. Refer to the migration guide to update your code accordingly and opt-in to FedCM to test your changes. Learn more: https://developers.google.com/identity/gsi/web/guides/fedcm-migration?s=dc#display_moment and https://developers.google.com/identity/gsi/web/guides/fedcm-migration?s=dc#skipped_moment @ https://accounts.google.com/gsi/client:80
[    1328ms] [ERROR] Not signed in with the identity provider. @ https://vercel.com/login?next=%2Fdashboard:0
[    1537ms] [ERROR] Failed to load resource: the server responded with a status of 403 () @ https://vercel.com/api/jwt:0
[    1551ms] [WARNING] Deprecated API for given entry type. @ https://vercel.com/_next/static/chunks/390_-upaaoe2i.js?dpl=dpl_9GeFkpuncc7yRjfsKpJdz5yTrgP7:18
[    4900ms] [WARNING] The resource https://vercel.com/_next/static/media/stripe-light.2l_1jctpe6k_4.svg?dpl=dpl_9GeFkpuncc7yRjfsKpJdz5yTrgP7 was preloaded using link preload but not used within a few seconds from the window's load event. Please make sure it has an appropriate `as` value and it is preloaded intentionally. @ https://vercel.com/login?next=%2Fdashboard:0
[    4900ms] [WARNING] The resource https://vercel.com/_next/static/media/adobe-light.406_7oryl71va.svg?dpl=dpl_9GeFkpuncc7yRjfsKpJdz5yTrgP7 was preloaded using link preload but not used within a few seconds from the window's load event. Please make sure it has an appropriate `as` value and it is preloaded intentionally. @ https://vercel.com/login?next=%2Fdashboard:0
[    4900ms] [WARNING] The resource https://vercel.com/_next/static/media/ebay-dark.34mho2a18qqlt.svg?dpl=dpl_9GeFkpuncc7yRjfsKpJdz5yTrgP7 was preloaded using link preload but not used within a few seconds from the window's load event. Please make sure it has an appropriate `as` value and it is preloaded intentionally. @ https://vercel.com/login?next=%2Fdashboard:0
[    4900ms] [WARNING] The resource https://vercel.com/_next/static/chunks/1jm6f87-v783-.css?dpl=dpl_9GeFkpuncc7yRjfsKpJdz5yTrgP7 was preloaded using link preload but not used within a few seconds from the window's load event. Please make sure it has an appropriate `as` value and it is preloaded intentionally. @ https://vercel.com/login?next=%2Fdashboard:0
[    4900ms] [WARNING] The resource https://vercel.com/_next/static/media/ebay-light.3ft_ki8203ov0.svg?dpl=dpl_9GeFkpuncc7yRjfsKpJdz5yTrgP7 was preloaded using link preload but not used within a few seconds from the window's load event. Please make sure it has an appropriate `as` value and it is preloaded intentionally. @ https://vercel.com/login?next=%2Fdashboard:0
[    4900ms] [WARNING] The resource https://vercel.com/_next/static/media/stripe-dark.16ozjth2vgb_3.svg?dpl=dpl_9GeFkpuncc7yRjfsKpJdz5yTrgP7 was preloaded using link preload but not used within a few seconds from the window's load event. Please make sure it has an appropriate `as` value and it is preloaded intentionally. @ https://vercel.com/login?next=%2Fdashboard:0
[    7021ms] [ERROR] [GSI_LOGGER]: FedCM get() rejects with AbortError: signal is aborted without reason @ https://vercel.com/_next/static/chunks/2eh-t6gj3fese.js?dpl=dpl_9GeFkpuncc7yRjfsKpJdz5yTrgP7:2
[    7089ms] [ERROR] Failed to load resource: the server responded with a status of 429 () @ https://o205439.ingest.sentry.io/api/1323670/envelope/?sentry_key=d00780d432ac4ccf882f60dd02062e14&sentry_version=7&sentry_client=sentry.javascript.browser%2F7.111.0:0
[    7931ms] [VERBOSE] [DOM] Password field is not contained in a form: (More info: https://goo.gl/9p2vKq) %o @ https://accounts.google.com/v3/signin/identifier?opparams=%253F&dsh=S-1254823502%3A1775163058067352&client_id=258013614557-nema0dumfbottebi6to7aqi85qot9pvs.apps.googleusercontent.com&o2v=2&redirect_uri=https%3A%2F%2Fvercel.com%2Fapi%2Fregistration%2Fgoogle%2Fcallback&response_type=code&scope=openid+profile+email&service=lso&state=97a555c6bfdb891f69615900b2cd485e242d5a25661281b2913311f9b7c34d1d18eaae443b9fa742be614a4aba52129a0173fdf5c2a196b34ed80d73016494bb6356522a94c633d1f8cf846623d34d11b06329b3b53b3d59c0b53b490f103ad706c1c5a56d90383eed0071ea4387faa31db7795920e78885a0f1e9542210b57cade549f1779a5c94a1dc7e093f12e23c076cc12ea8ea0193c977513ae4ed790fbd8660e0035bf89d516f0934ac71f966730a96334c69e527c035b415be3a21238270f4f0c6b6ae3d33fcf574c63c676e4003e04e9de08a1d0956e5620e47e2ad55e1982f410309ff0ad17ca1b81f069e40c5c5f776a59ac54f02a275008467ed95644156a14d3a2b77ade9c10ca0c3&flowName=GeneralOAuthFlow&continue=https%3A%2F%2Faccounts.google.com%2Fsignin%2Foauth%2Fconsent%3Fauthuser%3Dunknown%26part%3DAJi8hAOAiIUiZotkK0HL20fmJ_FpiYpEaQKkbYw5uSvQFfy0Q3tVNS_t7DXzVMa78vLipABiSNTojf3vBae0uMw8CF-fhxa0Ydf5uoDcMx3azc6DOz3-0rFZnrTqbBEyjV1mp8_-G4wBm-CvGzd2-PYavjg5yvxmOoNSAw_9RWMHtnyIc4jjniqpIIV2OgRh62dPvkn2wPEv-i_P3aPVq-CRUcO2eh8DaK_XiO0P1D4PT9pBS1haD0FIEIAz-GALaRGy6fNLkN_cQ8MivM3WRHdv8eDx5ZBu-BPvMfWBUknByI09P-bPOnImaKp6hwKK5PPYzw0ZeE_gngKY48ONf_7BijAEoaQRccBmtJA0uInAbarchKMhN5l7Ekxl3I8PBp0tDakwYJy-eFIQp6ACJEFkcXKVU3CUUEgkm37hQPMkhzpETW-60uZyFb4zNCw7y1DcGbDJwFuqfPPTi8dprhgZyhYA0H1kBQ%26flowName%3DGeneralOAuthFlow%26as%3DS-1254823502%253A1775163058067352%26client_id%3D258013614557-nema0dumfbottebi6to7aqi85qot9pvs.apps.googleusercontent.com%26requestPath%3D%252Fsignin%252Foauth%252Fconsent%23&app_domain=https%3A%2F%2Fvercel.com&rart=ANgoxceRa96DIsCLBF28v2GiMCPHr7VsDM-FwtOnZ79JEpBPzqqZoF23Z3QLFLsLt3aKcToVH9-y3KCO0zQogdxEZRLIMh1ktNXagSVghT9UPbJGXODYmww:0
[    7936ms] [LOG] %c%s color: red; background: yellow; font-size: 24px; WARNING! @ https://www.gstatic.com/_/mss/boq-identity/_/js/k=boq-identity.AccountsSignInUi.en_US.IWQQguuMG4M.es5.O/am=Kf8GAACiCCQDYPj_DxkACIAgGrieBaAJRAYAAAAAAAAAAKwQACCN/d=1/excm=_b,_tp,identifierview/ed=1/dg=0/wt=2/ujg=1/rs=AOaEmlEu-fQt85q1BanalGEv1pAuo7_MKg/dti=1/m=_b,_tp:467
[    7936ms] [LOG] %c%s font-size: 18px; Using this console may allow attackers to impersonate you and steal your information using an attack called Self-XSS.
Do not enter or paste code that you do not understand. @ https://www.gstatic.com/_/mss/boq-identity/_/js/k=boq-identity.AccountsSignInUi.en_US.IWQQguuMG4M.es5.O/am=Kf8GAACiCCQDYPj_DxkACIAgGrieBaAJRAYAAAAAAAAAAKwQACCN/d=1/excm=_b,_tp,identifierview/ed=1/dg=0/wt=2/ujg=1/rs=AOaEmlEu-fQt85q1BanalGEv1pAuo7_MKg/dti=1/m=_b,_tp:467
[    9386ms] [LOG] %c
▲

    ________   _ __ _          ____           __
   /  _/ __/  (_) /( )_____   / __/___ ______/ /_
   / // /_   / / __/// ___/  / /_/ __ `/ ___/ __/
 _/ // __/  / / /_  (__  )  / __/ /_/ (__  ) /_
/___/_/    /_/\__/ /____/  /_/  \__,_/____/\__/
    _ __ _                         _    __                    __
   (_) /( )_____   ____  ____     | |  / /__  _____________  / /
  / / __/// ___/  / __ \/ __ \    | | / / _ \/ ___/ ___/ _ \/ /
 / / /_  (__  )  / /_/ / / / /    | |/ /  __/ /  / /__/  __/ /
/_/\__/ /____/   \____/_/ /_/     |___/\___/_/   \___/\___/_/
  

Hello!

- Open Source https://vercel.com/oss
- Careers https://vercel.com/careers
- Status https://vercel-status.com

 font-family: "Geist Mono", monospace; white-space: pre; line-height: 1; @ https://vercel.com/_next/static/chunks/01y--5zzwwg65.js?dpl=dpl_9GeFkpuncc7yRjfsKpJdz5yTrgP7:72
[    9575ms] [WARNING] [GSI_LOGGER]: Your client application uses one of the Google One Tap prompt UI status methods that may stop functioning when FedCM becomes mandatory. Refer to the migration guide to update your code accordingly and opt-in to FedCM to test your changes. Learn more: https://developers.google.com/identity/gsi/web/guides/fedcm-migration?s=dc#display_moment and https://developers.google.com/identity/gsi/web/guides/fedcm-migration?s=dc#skipped_moment @ https://accounts.google.com/gsi/client:80
[    9584ms] [ERROR] Not signed in with the identity provider. @ https://vercel.com/login?next=%2Fdashboard:0
[    9660ms] [WARNING] Deprecated API for given entry type. @ https://vercel.com/_next/static/chunks/390_-upaaoe2i.js?dpl=dpl_9GeFkpuncc7yRjfsKpJdz5yTrgP7:18
[    9741ms] [ERROR] Failed to load resource: the server responded with a status of 403 () @ https://vercel.com/api/jwt:0
[   10325ms] [ERROR] [GSI_LOGGER]: FedCM get() rejects with AbortError: signal is aborted without reason @ https://vercel.com/_next/static/chunks/2eh-t6gj3fese.js?dpl=dpl_9GeFkpuncc7yRjfsKpJdz5yTrgP7:2
[   10399ms] [ERROR] Failed to load resource: the server responded with a status of 429 () @ https://o205439.ingest.sentry.io/api/1323670/envelope/?sentry_key=d00780d432ac4ccf882f60dd02062e14&sentry_version=7&sentry_client=sentry.javascript.browser%2F7.111.0:0
[   16494ms] [VERBOSE] [DOM] Password field is not contained in a form: (More info: https://goo.gl/9p2vKq) %o @ https://accounts.google.com/v3/signin/identifier?opparams=%253F&dsh=S-1593318397%3A1775163066690765&client_id=1078992815106-brpsupgvhheqg35tupphbh0qk9c32nq8.apps.googleusercontent.com&code_challenge=ZfMoroLLJiJ3OvJvZuMR5q0-Kne4GR8zT5Tp6i_Z3Vg&code_challenge_method=S256&nonce=0d4b2cd7a45efcd1325fdbb700a718d9&o2v=2&prompt=select_account&redirect_uri=https%3A%2F%2Fgithub.com%2Fsessions%2Fsocial%2Fgoogle%2Fcallback&response_type=code&scope=openid+email+profile&service=lso&state=93fb0b641d47ea51bc4e70d4f79f3ab2&flowName=GeneralOAuthFlow&continue=https%3A%2F%2Faccounts.google.com%2Fsignin%2Foauth%2Fconsent%3Fauthuser%3Dunknown%26part%3DAJi8hAMN_rnPgKw0diR1R36MYy5BdT3bwptPSo7qMCTzQOXryQvthKT0BKzSPWc5CQOR9tYCNIWc5OtvVze_HzJhIa-hPTfBZVNTevDvfsXhQ78O3ZkMYprbW54LLNOjNjIpa1esmYalJ7xspSYZqpmQSHZ5QMAg_OxQuoHSuNShg85JzvB1-DU2EP8btx2-4rQo5NId8cZgTEegm7GpOF2F-R59EtAynki3kpKf8GOQsfDPFVOfG65FBdVlXDuL7Yw3ZFAcRjqovN8u503sAy6zcukFz_uhW98kqv6QDJ2HMwZIVYgEI0OqCLDn9w6QDMOTuvlOEEyxYpcFymspDxU3cCzaz0UC42UIMHhVSf081Jj0VzcMA5zj4CzfNTU06OOOtaB2LqYHUKOo4vK3vAMG8asX9Tp10i29xv0274iarHhkAAuoqqqiJ2qn16eb2ZNU4HVVh10YRqABl-v-cA9HObRZVVv4JA%26flowName%3DGeneralOAuthFlow%26as%3DS-1593318397%253A1775163066690765%26client_id%3D1078992815106-brpsupgvhheqg35tupphbh0qk9c32nq8.apps.googleusercontent.com%26requestPath%3D%252Fsignin%252Foauth%252Fconsent%23&app_domain=https%3A%2F%2Fgithub.com&rart=ANgoxcf-2N1Y2oxl9QgpgD5o1Kng09FDBAw4EIoNM7b3VcmQrtMWCAYQhv1sewFMSIlhcftXR9egwksEa-BxsfLRyX4WBI2agd8KN7hvu6kKys9lvFhYhAU:0
[   16498ms] [LOG] %c%s color: red; background: yellow; font-size: 24px; WARNING! @ https://www.gstatic.com/_/mss/boq-identity/_/js/k=boq-identity.AccountsSignInUi.en_US.IWQQguuMG4M.es5.O/am=Kf8GAACiCCQDYPj_DxkACIAgGrieBaAJRAYAAAAAAAAAAKwQACCN/d=1/excm=_b,_tp,identifierview/ed=1/dg=0/wt=2/ujg=1/rs=AOaEmlEu-fQt85q1BanalGEv1pAuo7_MKg/dti=1/m=_b,_tp:467
[   16498ms] [LOG] %c%s font-size: 18px; Using this console may allow attackers to impersonate you and steal your information using an attack called Self-XSS.
Do not enter or paste code that you do not understand. @ https://www.gstatic.com/_/mss/boq-identity/_/js/k=boq-identity.AccountsSignInUi.en_US.IWQQguuMG4M.es5.O/am=Kf8GAACiCCQDYPj_DxkACIAgGrieBaAJRAYAAAAAAAAAAKwQACCN/d=1/excm=_b,_tp,identifierview/ed=1/dg=0/wt=2/ujg=1/rs=AOaEmlEu-fQt85q1BanalGEv1pAuo7_MKg/dti=1/m=_b,_tp:467
