[     889ms] [LOG] %c
▲

__  __                                     _            __
\ \/ /___  __  __   _________ _____       (_)_  _______/ /_
 \  / __ \/ / / /  / ___/ __ `/ __ \     / / / / / ___/ __/
 / / /_/ / /_/ /  / /__/ /_/ / / / /    / / /_/ (__  ) /_
/_/\____/\__,_/   \___/\__,_/_/ /_/  __/ /\__,_/____/\__/
         __    _          __  __    /___/
   _____/ /_  (_)___     / /_/ /_  (_)___  ____ ______
  / ___/ __ \/ / __ \   / __/ __ \/ / __ \/ __ `/ ___/
 (__  ) / / / / /_/ /  / /_/ / / / / / / / /_/ (__  )
/____/_/ /_/_/ .___/   \__/_/ /_/_/_/ /_/\__, /____/
            /_/                         /____/
  

Hello!

- Open Source https://vercel.com/oss
- Careers https://vercel.com/careers
- Status https://vercel-status.com

 font-family: "Geist Mono", monospace; white-space: pre; line-height: 1; @ https://vercel.com/_next/static/chunks/01y--5zzwwg65.js?dpl=dpl_7fj2rBznaBMESSHrMZ36gBxZgdvp:72
[    2024ms] [WARNING] Deprecated API for given entry type. @ https://vercel.com/_next/static/chunks/390_-upaaoe2i.js?dpl=dpl_7fj2rBznaBMESSHrMZ36gBxZgdvp:18
[   11853ms] [WARNING] The resource https://vercel.com/_next/static/chunks/3trafgdyw6a92.css?dpl=dpl_7fj2rBznaBMESSHrMZ36gBxZgdvp was preloaded using link preload but not used within a few seconds from the window's load event. Please make sure it has an appropriate `as` value and it is preloaded intentionally. @ https://vercel.com/drors-projects-2fdc212a/knesset-watch/logs:0
[   11853ms] [WARNING] The resource https://vercel.com/_next/static/chunks/15z6hqmqioxmw.css?dpl=dpl_7fj2rBznaBMESSHrMZ36gBxZgdvp was preloaded using link preload but not used within a few seconds from the window's load event. Please make sure it has an appropriate `as` value and it is preloaded intentionally. @ https://vercel.com/drors-projects-2fdc212a/knesset-watch/logs:0
[   11853ms] [WARNING] The resource https://vercel.com/_next/static/chunks/1uw1dgdf8jkn6.css?dpl=dpl_7fj2rBznaBMESSHrMZ36gBxZgdvp was preloaded using link preload but not used within a few seconds from the window's load event. Please make sure it has an appropriate `as` value and it is preloaded intentionally. @ https://vercel.com/drors-projects-2fdc212a/knesset-watch/logs:0
[   11853ms] [WARNING] The resource https://vercel.com/_next/static/chunks/17f0l6hzzjgle.css?dpl=dpl_7fj2rBznaBMESSHrMZ36gBxZgdvp was preloaded using link preload but not used within a few seconds from the window's load event. Please make sure it has an appropriate `as` value and it is preloaded intentionally. @ https://vercel.com/drors-projects-2fdc212a/knesset-watch/logs:0
[   11853ms] [WARNING] The resource https://vercel.com/_next/static/chunks/0vw_y4d6dyogb.css?dpl=dpl_7fj2rBznaBMESSHrMZ36gBxZgdvp was preloaded using link preload but not used within a few seconds from the window's load event. Please make sure it has an appropriate `as` value and it is preloaded intentionally. @ https://vercel.com/drors-projects-2fdc212a/knesset-watch/logs:0
[   11853ms] [WARNING] The resource https://vercel.com/_next/static/chunks/24yex-xtxoh--.css?dpl=dpl_7fj2rBznaBMESSHrMZ36gBxZgdvp was preloaded using link preload but not used within a few seconds from the window's load event. Please make sure it has an appropriate `as` value and it is preloaded intentionally. @ https://vercel.com/drors-projects-2fdc212a/knesset-watch/logs:0
[   11853ms] [WARNING] The resource https://vercel.com/_next/static/chunks/3tgg963kr6_q2.css?dpl=dpl_7fj2rBznaBMESSHrMZ36gBxZgdvp was preloaded using link preload but not used within a few seconds from the window's load event. Please make sure it has an appropriate `as` value and it is preloaded intentionally. @ https://vercel.com/drors-projects-2fdc212a/knesset-watch/logs:0
[   11853ms] [WARNING] The resource https://vercel.com/_next/static/chunks/2s9v6i7_m2k_o.css?dpl=dpl_7fj2rBznaBMESSHrMZ36gBxZgdvp was preloaded using link preload but not used within a few seconds from the window's load event. Please make sure it has an appropriate `as` value and it is preloaded intentionally. @ https://vercel.com/drors-projects-2fdc212a/knesset-watch/logs:0
[   11853ms] [WARNING] The resource https://vercel.com/_next/static/chunks/2e1o-5r8yh1-c.css?dpl=dpl_7fj2rBznaBMESSHrMZ36gBxZgdvp was preloaded using link preload but not used within a few seconds from the window's load event. Please make sure it has an appropriate `as` value and it is preloaded intentionally. @ https://vercel.com/drors-projects-2fdc212a/knesset-watch/logs:0
[   11853ms] [WARNING] The resource https://vercel.com/_next/static/chunks/1qduq6ua833pz.css?dpl=dpl_7fj2rBznaBMESSHrMZ36gBxZgdvp was preloaded using link preload but not used within a few seconds from the window's load event. Please make sure it has an appropriate `as` value and it is preloaded intentionally. @ https://vercel.com/drors-projects-2fdc212a/knesset-watch/logs:0
[   11853ms] [WARNING] The resource https://vercel.com/_next/static/chunks/26w7cjw9ccgd8.css?dpl=dpl_7fj2rBznaBMESSHrMZ36gBxZgdvp was preloaded using link preload but not used within a few seconds from the window's load event. Please make sure it has an appropriate `as` value and it is preloaded intentionally. @ https://vercel.com/drors-projects-2fdc212a/knesset-watch/logs:0
[   18663ms] [WARNING] The resource https://vercel.com/_next/static/chunks/3trafgdyw6a92.css?dpl=dpl_7fj2rBznaBMESSHrMZ36gBxZgdvp was preloaded using link preload but not used within a few seconds from the window's load event. Please make sure it has an appropriate `as` value and it is preloaded intentionally. @ https://vercel.com/drors-projects-2fdc212a/knesset-watch/logs:0
[   18663ms] [WARNING] The resource https://vercel.com/_next/static/chunks/15z6hqmqioxmw.css?dpl=dpl_7fj2rBznaBMESSHrMZ36gBxZgdvp was preloaded using link preload but not used within a few seconds from the window's load event. Please make sure it has an appropriate `as` value and it is preloaded intentionally. @ https://vercel.com/drors-projects-2fdc212a/knesset-watch/logs:0
[   18663ms] [WARNING] The resource https://vercel.com/_next/static/chunks/1uw1dgdf8jkn6.css?dpl=dpl_7fj2rBznaBMESSHrMZ36gBxZgdvp was preloaded using link preload but not used within a few seconds from the window's load event. Please make sure it has an appropriate `as` value and it is preloaded intentionally. @ https://vercel.com/drors-projects-2fdc212a/knesset-watch/logs:0
[   18663ms] [WARNING] The resource https://vercel.com/_next/static/chunks/17f0l6hzzjgle.css?dpl=dpl_7fj2rBznaBMESSHrMZ36gBxZgdvp was preloaded using link preload but not used within a few seconds from the window's load event. Please make sure it has an appropriate `as` value and it is preloaded intentionally. @ https://vercel.com/drors-projects-2fdc212a/knesset-watch/logs:0
[   18663ms] [WARNING] The resource https://vercel.com/_next/static/chunks/0vw_y4d6dyogb.css?dpl=dpl_7fj2rBznaBMESSHrMZ36gBxZgdvp was preloaded using link preload but not used within a few seconds from the window's load event. Please make sure it has an appropriate `as` value and it is preloaded intentionally. @ https://vercel.com/drors-projects-2fdc212a/knesset-watch/logs:0
[   18663ms] [WARNING] The resource https://vercel.com/_next/static/chunks/24yex-xtxoh--.css?dpl=dpl_7fj2rBznaBMESSHrMZ36gBxZgdvp was preloaded using link preload but not used within a few seconds from the window's load event. Please make sure it has an appropriate `as` value and it is preloaded intentionally. @ https://vercel.com/drors-projects-2fdc212a/knesset-watch/logs:0
[   18663ms] [WARNING] The resource https://vercel.com/_next/static/chunks/3tgg963kr6_q2.css?dpl=dpl_7fj2rBznaBMESSHrMZ36gBxZgdvp was preloaded using link preload but not used within a few seconds from the window's load event. Please make sure it has an appropriate `as` value and it is preloaded intentionally. @ https://vercel.com/drors-projects-2fdc212a/knesset-watch/logs:0
[   18663ms] [WARNING] The resource https://vercel.com/_next/static/chunks/2s9v6i7_m2k_o.css?dpl=dpl_7fj2rBznaBMESSHrMZ36gBxZgdvp was preloaded using link preload but not used within a few seconds from the window's load event. Please make sure it has an appropriate `as` value and it is preloaded intentionally. @ https://vercel.com/drors-projects-2fdc212a/knesset-watch/logs:0
[   18663ms] [WARNING] The resource https://vercel.com/_next/static/chunks/2e1o-5r8yh1-c.css?dpl=dpl_7fj2rBznaBMESSHrMZ36gBxZgdvp was preloaded using link preload but not used within a few seconds from the window's load event. Please make sure it has an appropriate `as` value and it is preloaded intentionally. @ https://vercel.com/drors-projects-2fdc212a/knesset-watch/logs:0
[   18663ms] [WARNING] The resource https://vercel.com/_next/static/chunks/1qduq6ua833pz.css?dpl=dpl_7fj2rBznaBMESSHrMZ36gBxZgdvp was preloaded using link preload but not used within a few seconds from the window's load event. Please make sure it has an appropriate `as` value and it is preloaded intentionally. @ https://vercel.com/drors-projects-2fdc212a/knesset-watch/logs:0
[   18663ms] [WARNING] The resource https://vercel.com/_next/static/chunks/26w7cjw9ccgd8.css?dpl=dpl_7fj2rBznaBMESSHrMZ36gBxZgdvp was preloaded using link preload but not used within a few seconds from the window's load event. Please make sure it has an appropriate `as` value and it is preloaded intentionally. @ https://vercel.com/drors-projects-2fdc212a/knesset-watch/logs:0
