[     406ms] [LOG] %c
▲

__  __                                     _            __
\ \/ /___  __  __   _________ _____       (_)_  _______/ /_
 \  / __ \/ / / /  / ___/ __ `/ __ \     / / / / / ___/ __/
 / / /_/ / /_/ /  / /__/ /_/ / / / /    / / /_/ (__  ) /_
/_/\____/\__,_/   \___/\__,_/_/ /_/  __/ /\__,_/____/\__/
         __    _          __  __    /___/
   _____/ /_  (_)___     / /_/ /_  (_)___  ____ ______
  / ___/ __ \/ / __ \   / __/ __ \/ / __ \/ __ `/ ___/
 (__  ) / / / / /_/ /  / /_/ / / / / / / / /_/ (__  )
/____/_/ /_/_/ .___/   \__/_/ /_/_/_/ /_/\__, /____/
            /_/                         /____/
  

Hello!

- Open Source https://vercel.com/oss
- Careers https://vercel.com/careers
- Status https://vercel-status.com

 font-family: "Geist Mono", monospace; white-space: pre; line-height: 1; @ https://vercel.com/_next/static/chunks/01y--5zzwwg65.js?dpl=dpl_9GeFkpuncc7yRjfsKpJdz5yTrgP7:72
[     966ms] [WARNING] [GSI_LOGGER]: Your client application uses one of the Google One Tap prompt UI status methods that may stop functioning when FedCM becomes mandatory. Refer to the migration guide to update your code accordingly and opt-in to FedCM to test your changes. Learn more: https://developers.google.com/identity/gsi/web/guides/fedcm-migration?s=dc#display_moment and https://developers.google.com/identity/gsi/web/guides/fedcm-migration?s=dc#skipped_moment @ https://accounts.google.com/gsi/client:80
[     974ms] [ERROR] Not signed in with the identity provider. @ https://vercel.com/login?next=%2Fbren%2Fknesset-watch%2Fsettings%2Fenvironment-variables:0
[    1039ms] [WARNING] Deprecated API for given entry type. @ https://vercel.com/_next/static/chunks/390_-upaaoe2i.js?dpl=dpl_9GeFkpuncc7yRjfsKpJdz5yTrgP7:18
[    1126ms] [ERROR] Failed to load resource: the server responded with a status of 429 () @ https://o205439.ingest.sentry.io/api/1323670/envelope/?sentry_key=d00780d432ac4ccf882f60dd02062e14&sentry_version=7&sentry_client=sentry.javascript.browser%2F7.111.0:0
[    1174ms] [ERROR] Failed to load resource: the server responded with a status of 403 () @ https://vercel.com/api/jwt:0
[    1565ms] [ERROR] [GSI_LOGGER]: FedCM get() rejects with NetworkError: Error retrieving a token. @ https://vercel.com/_next/static/chunks/2eh-t6gj3fese.js?dpl=dpl_9GeFkpuncc7yRjfsKpJdz5yTrgP7:2
[    1631ms] [ERROR] Failed to load resource: the server responded with a status of 429 () @ https://o205439.ingest.sentry.io/api/1323670/envelope/?sentry_key=d00780d432ac4ccf882f60dd02062e14&sentry_version=7&sentry_client=sentry.javascript.browser%2F7.111.0:0
[    4325ms] [VERBOSE] [DOM] Password field is not contained in a form: (More info: https://goo.gl/9p2vKq) %o @ https://accounts.google.com/v3/signin/identifier?opparams=%253F&dsh=S1376070670%3A1775163071546801&client_id=258013614557-nema0dumfbottebi6to7aqi85qot9pvs.apps.googleusercontent.com&o2v=2&redirect_uri=https%3A%2F%2Fvercel.com%2Fapi%2Fregistration%2Fgoogle%2Fcallback&response_type=code&scope=openid+profile+email&service=lso&state=e261de41c4b06ad4f8a4292fe4ddd36db17945b3519c5d9b8bfce3a0e0ad10af12341ce02a690f60dd71d48ac8f1de1a04a279d83c0250928406395f10fb16cee1fe3ba9ab38aacac32e050ec08bd93f5c8fa68f2081f51e541157b1bb7c7fe86795acaee4f7244c71fcebf04091e7c89be1781dbb63d236fc1db312b921f27c15eb95533a5c01b50e5867523a3c0b8df8f453bf5e1cc3b62a42a9d38d6f3e711fa7827738ad6a066327c6b5f77c01eddca48f0a8f648c430bc8ea1b70d977c62c692ab79e4a02989f50fe05774447644398e4730ee54f88a4b2d33de92670eaa47ed6b86627951fe3d32616dd0723a6918ebd0194a952fa3472e32884cfbf8b853c09c15a0344d223e4b42c867366ac2bed00d47a8eb50d22af5c80f7f57b18ba58c7f2d352c172be288b4995ce0a276b324b2e5ab6f1c4&flowName=GeneralOAuthFlow&continue=https%3A%2F%2Faccounts.google.com%2Fsignin%2Foauth%2Fconsent%3Fauthuser%3Dunknown%26part%3DAJi8hAOwY2LzITmJLgzGXaBccNPqDhFg6MUy1Vb16CeAA7nPEI-hcR7F_3635zvE2zOtxTwIsA0oTB1djL7xCK9_BFO1YZkkZRaglPZvhiPIpUdbi8N2zhuRmSbJgDMAD0KqJC7u8RhM0rHQoM23LJNy1EpxCHR1vhWaFUEyPuNKMDm5-8p25pWn-3t2iQgXT03vtIZcp1mwA34-X0ZWQb-ResmS2aDGQr8Oy6bnlFbXtOyG_D7tPkbuNGnZwPsPmZgU8U7EUrR1WETGs7TlGoy50Z8w8ntA4qZ65PpwCql-duvA8fmRBFqTZaYjv-dn6tpNkES2WdwvM5QU7_hXgf3u41BYouPlpf6CXCt5hDQ5NOJdVQi8BafYYh7UHVZLbZSHzbGsLVHPuGbb-I_6UAxFjdclg8ei8_AfficCQ9qvc4Qn88QQEmEuPt5YXiQrRhzmrFW3ylM_ONcv2GU8CgbeRvXi3YC7Aw%26flowName%3DGeneralOAuthFlow%26as%3DS1376070670%253A1775163071546801%26client_id%3D258013614557-nema0dumfbottebi6to7aqi85qot9pvs.apps.googleusercontent.com%26requestPath%3D%252Fsignin%252Foauth%252Fconsent%23&app_domain=https%3A%2F%2Fvercel.com&rart=ANgoxcf38iY1MjCOjhUEZSP4kwlon1ODZ4acBILKK-FdiPG62QNVAIarkGEZ_6fcdE3N6G4p8zk4OZzh5x0plcdezHaRG0d5f5cr2f33bNvfgm4Kr-I1ju0:0
[    4328ms] [LOG] %c%s color: red; background: yellow; font-size: 24px; WARNING! @ https://www.gstatic.com/_/mss/boq-identity/_/js/k=boq-identity.AccountsSignInUi.en_US.IWQQguuMG4M.es5.O/am=Kf8GAACiCCQDYPj_DxkACIAgGrieBaAJRAYAAAAAAAAAAKwQACCN/d=1/excm=_b,_tp,identifierview/ed=1/dg=0/wt=2/ujg=1/rs=AOaEmlEu-fQt85q1BanalGEv1pAuo7_MKg/dti=1/m=_b,_tp:467
[    4328ms] [LOG] %c%s font-size: 18px; Using this console may allow attackers to impersonate you and steal your information using an attack called Self-XSS.
Do not enter or paste code that you do not understand. @ https://www.gstatic.com/_/mss/boq-identity/_/js/k=boq-identity.AccountsSignInUi.en_US.IWQQguuMG4M.es5.O/am=Kf8GAACiCCQDYPj_DxkACIAgGrieBaAJRAYAAAAAAAAAAKwQACCN/d=1/excm=_b,_tp,identifierview/ed=1/dg=0/wt=2/ujg=1/rs=AOaEmlEu-fQt85q1BanalGEv1pAuo7_MKg/dti=1/m=_b,_tp:467
[   15791ms] [LOG] %c
▲

    ________   _ __ _          ____           __
   /  _/ __/  (_) /( )_____   / __/___ ______/ /_
   / // /_   / / __/// ___/  / /_/ __ `/ ___/ __/
 _/ // __/  / / /_  (__  )  / __/ /_/ (__  ) /_
/___/_/    /_/\__/ /____/  /_/  \__,_/____/\__/
    _ __ _                         _    __                    __
   (_) /( )_____   ____  ____     | |  / /__  _____________  / /
  / / __/// ___/  / __ \/ __ \    | | / / _ \/ ___/ ___/ _ \/ /
 / / /_  (__  )  / /_/ / / / /    | |/ /  __/ /  / /__/  __/ /
/_/\__/ /____/   \____/_/ /_/     |___/\___/_/   \___/\___/_/
  

Hello!

- Open Source https://vercel.com/oss
- Careers https://vercel.com/careers
- Status https://vercel-status.com

 font-family: "Geist Mono", monospace; white-space: pre; line-height: 1; @ https://vercel.com/_next/static/chunks/0zys9gxbu7opo.js?dpl=dpl_9GeFkpuncc7yRjfsKpJdz5yTrgP7:72
[   15966ms] [WARNING] Deprecated API for given entry type. @ https://vercel.com/_next/static/chunks/1st4cvlynsa0l.js?dpl=dpl_9GeFkpuncc7yRjfsKpJdz5yTrgP7:18
[   16307ms] [ERROR] Failed to load resource: the server responded with a status of 403 () @ https://vercel.com/api/jwt:0
[   17177ms] [ERROR] Failed to load resource: the server responded with a status of 404 () @ https://vercel.com/_next/data/build-TfctsWXpff2fKS/bren/knesset-watch/settings/environment-variables.json:0
[   17634ms] [LOG] %c
▲

__  __                                     _            __
\ \/ /___  __  __   _________ _____       (_)_  _______/ /_
 \  / __ \/ / / /  / ___/ __ `/ __ \     / / / / / ___/ __/
 / / /_/ / /_/ /  / /__/ /_/ / / / /    / / /_/ (__  ) /_
/_/\____/\__,_/   \___/\__,_/_/ /_/  __/ /\__,_/____/\__/
         __    _          __  __    /___/
   _____/ /_  (_)___     / /_/ /_  (_)___  ____ ______
  / ___/ __ \/ / __ \   / __/ __ \/ / __ \/ __ `/ ___/
 (__  ) / / / / /_/ /  / /_/ / / / / / / / /_/ (__  )
/____/_/ /_/_/ .___/   \__/_/ /_/_/_/ /_/\__, /____/
            /_/                         /____/
  

Hello!

- Open Source https://vercel.com/oss
- Careers https://vercel.com/careers
- Status https://vercel-status.com

 font-family: "Geist Mono", monospace; white-space: pre; line-height: 1; @ https://vercel.com/_next/static/chunks/01y--5zzwwg65.js?dpl=dpl_9GeFkpuncc7yRjfsKpJdz5yTrgP7:72
[   18071ms] [WARNING] iso_swr: SSR fetch failed for "/api/v9/projects/knesset-watch?latestDeployments=0&rollbackInfo=true&teamId=bren" {error: iso_swr_fetch_error, message: Not authorized} @ https://vercel.com/bren/knesset-watch/settings/environment-variables:717
[   18156ms] [WARNING] iso_swr: SSR fetch failed for "/api/v2/teams/bren" {error: iso_swr_fetch_error, message: Not authorized} @ https://vercel.com/bren/knesset-watch/settings/environment-variables:746
[   18175ms] [WARNING] iso_swr: SSR fetch failed for "/api/v1/storage/stores?skip-metadata=true&teamId=bren" {error: iso_swr_fetch_error, message: Not authorized} @ https://vercel.com/bren/knesset-watch/settings/environment-variables:784
[   18220ms] [WARNING] iso_swr[warn] [client] fallback error for key: "/api/v2/teams/bren" {error: iso_swr_fetch_error, message: Not authorized} @ https://vercel.com/_next/static/chunks/2eh-t6gj3fese.js?dpl=dpl_9GeFkpuncc7yRjfsKpJdz5yTrgP7:2
[   18538ms] [ERROR] Failed to load resource: the server responded with a status of 403 () @ https://vercel.com/api/v1/dashboard/projects/knesset-watch?teamId=bren:0
[   18539ms] [ERROR] Failed to load resource: the server responded with a status of 403 () @ https://vercel.com/api/v2/teams/bren:0
[   18608ms] [ERROR] CustomFetchError: Not authorized
    at f (https://vercel.com/_next/static/chunks/3x6svuph2v_ez.js?dpl=dpl_9GeFkpuncc7yRjfsKpJdz5yTrgP7:2:39653) @ https://vercel.com/_next/static/chunks/01y--5zzwwg65.js?dpl=dpl_9GeFkpuncc7yRjfsKpJdz5yTrgP7:102
[   18760ms] [ERROR] Failed to load resource: the server responded with a status of 403 () @ https://vercel.com/api/recents?hydrateLimit=30&limit=7&teamId=bren&type=preview:0
[   18760ms] [ERROR] Failed to load resource: the server responded with a status of 403 () @ https://vercel.com/api/v2/dashboard/projects?favorites=1&limit=25&teamId=bren:0
[   18764ms] [ERROR] Failed to load resource: the server responded with a status of 403 () @ https://vercel.com/api/v1/dashboard/projects/knesset-watch?teamId=bren:0
[   19119ms] [ERROR] Failed to load resource: the server responded with a status of 403 () @ https://vercel.com/api/v2/teams/bren:0
[   19146ms] [WARNING] Deprecated API for given entry type. @ https://vercel.com/_next/static/chunks/390_-upaaoe2i.js?dpl=dpl_9GeFkpuncc7yRjfsKpJdz5yTrgP7:18
[   22669ms] [WARNING] The resource https://vercel.com/_next/static/chunks/0vw_y4d6dyogb.css?dpl=dpl_9GeFkpuncc7yRjfsKpJdz5yTrgP7 was preloaded using link preload but not used within a few seconds from the window's load event. Please make sure it has an appropriate `as` value and it is preloaded intentionally. @ https://vercel.com/bren/knesset-watch/settings/environment-variables:0
[   22669ms] [WARNING] The resource https://vercel.com/_next/static/chunks/15z6hqmqioxmw.css?dpl=dpl_9GeFkpuncc7yRjfsKpJdz5yTrgP7 was preloaded using link preload but not used within a few seconds from the window's load event. Please make sure it has an appropriate `as` value and it is preloaded intentionally. @ https://vercel.com/bren/knesset-watch/settings/environment-variables:0
[   24163ms] [ERROR] Failed to load resource: the server responded with a status of 403 () @ https://vercel.com/api/v2/teams/dashboard:0
[   30823ms] [WARNING] The resource https://vercel.com/_next/static/chunks/11md2guxvv4_w.css?dpl=dpl_9GeFkpuncc7yRjfsKpJdz5yTrgP7 was preloaded using link preload but not used within a few seconds from the window's load event. Please make sure it has an appropriate `as` value and it is preloaded intentionally. @ https://vercel.com/drors-projects-2fdc212a:0
[   30824ms] [WARNING] The resource https://vercel.com/_next/static/chunks/1vv1ryq5lnv_m.css?dpl=dpl_9GeFkpuncc7yRjfsKpJdz5yTrgP7 was preloaded using link preload but not used within a few seconds from the window's load event. Please make sure it has an appropriate `as` value and it is preloaded intentionally. @ https://vercel.com/drors-projects-2fdc212a:0
[   30824ms] [WARNING] The resource https://vercel.com/_next/static/chunks/2cegy48-lpb69.css?dpl=dpl_9GeFkpuncc7yRjfsKpJdz5yTrgP7 was preloaded using link preload but not used within a few seconds from the window's load event. Please make sure it has an appropriate `as` value and it is preloaded intentionally. @ https://vercel.com/drors-projects-2fdc212a:0
[   30824ms] [WARNING] The resource https://vercel.com/_next/static/chunks/26w7cjw9ccgd8.css?dpl=dpl_9GeFkpuncc7yRjfsKpJdz5yTrgP7 was preloaded using link preload but not used within a few seconds from the window's load event. Please make sure it has an appropriate `as` value and it is preloaded intentionally. @ https://vercel.com/drors-projects-2fdc212a:0
[   30824ms] [WARNING] The resource https://vercel.com/_next/static/chunks/17f0l6hzzjgle.css?dpl=dpl_9GeFkpuncc7yRjfsKpJdz5yTrgP7 was preloaded using link preload but not used within a few seconds from the window's load event. Please make sure it has an appropriate `as` value and it is preloaded intentionally. @ https://vercel.com/drors-projects-2fdc212a:0
[   30824ms] [WARNING] The resource https://vercel.com/_next/static/chunks/1pfeo9edxy_3j.css?dpl=dpl_9GeFkpuncc7yRjfsKpJdz5yTrgP7 was preloaded using link preload but not used within a few seconds from the window's load event. Please make sure it has an appropriate `as` value and it is preloaded intentionally. @ https://vercel.com/drors-projects-2fdc212a:0
[   30824ms] [WARNING] The resource https://vercel.com/_next/static/chunks/3nkad1jveclu6.css?dpl=dpl_9GeFkpuncc7yRjfsKpJdz5yTrgP7 was preloaded using link preload but not used within a few seconds from the window's load event. Please make sure it has an appropriate `as` value and it is preloaded intentionally. @ https://vercel.com/drors-projects-2fdc212a:0
[   30824ms] [WARNING] The resource https://vercel.com/_next/static/chunks/24yex-xtxoh--.css?dpl=dpl_9GeFkpuncc7yRjfsKpJdz5yTrgP7 was preloaded using link preload but not used within a few seconds from the window's load event. Please make sure it has an appropriate `as` value and it is preloaded intentionally. @ https://vercel.com/drors-projects-2fdc212a:0
[   30824ms] [WARNING] The resource https://vercel.com/_next/static/chunks/14joue14zm3zx.css?dpl=dpl_9GeFkpuncc7yRjfsKpJdz5yTrgP7 was preloaded using link preload but not used within a few seconds from the window's load event. Please make sure it has an appropriate `as` value and it is preloaded intentionally. @ https://vercel.com/drors-projects-2fdc212a:0
[   30824ms] [WARNING] The resource https://vercel.com/_next/static/chunks/2s9v6i7_m2k_o.css?dpl=dpl_9GeFkpuncc7yRjfsKpJdz5yTrgP7 was preloaded using link preload but not used within a few seconds from the window's load event. Please make sure it has an appropriate `as` value and it is preloaded intentionally. @ https://vercel.com/drors-projects-2fdc212a:0
[   30824ms] [WARNING] The resource https://vercel.com/_next/static/chunks/1uw1dgdf8jkn6.css?dpl=dpl_9GeFkpuncc7yRjfsKpJdz5yTrgP7 was preloaded using link preload but not used within a few seconds from the window's load event. Please make sure it has an appropriate `as` value and it is preloaded intentionally. @ https://vercel.com/drors-projects-2fdc212a:0
[   30824ms] [WARNING] The resource https://vercel.com/_next/static/chunks/0vw_y4d6dyogb.css?dpl=dpl_9GeFkpuncc7yRjfsKpJdz5yTrgP7 was preloaded using link preload but not used within a few seconds from the window's load event. Please make sure it has an appropriate `as` value and it is preloaded intentionally. @ https://vercel.com/drors-projects-2fdc212a:0
