[     190ms] [LOG] %c
▲

  ________            ___    ____   ________                __
 /_  __/ /_  ___     /   |  /  _/  / ____/ /___  __  ______/ /
  / / / __ \/ _ \   / /| |  / /   / /   / / __ \/ / / / __  /
 / / / / / /  __/  / ___ |_/ /   / /___/ / /_/ / /_/ / /_/ /
/_/ /_/ /_/\___/  /_/  |_/___/   \____/_/\____/\__,_/\__,_/
  

Hello!

- Open Source https://vercel.com/oss
- Careers https://vercel.com/careers
- Status https://vercel-status.com

 font-family: "Geist Mono", monospace; white-space: pre; line-height: 1; @ https://vercel.com/_next/static/chunks/01y--5zzwwg65.js?dpl=dpl_9GeFkpuncc7yRjfsKpJdz5yTrgP7:72
[     691ms] [WARNING] iso_swr: SSR fetch failed for "/api/v2/teams/bren" {error: iso_swr_fetch_error, message: Not authorized} @ https://vercel.com/bren/knesset-watch/settings/environment-variables:746
[     692ms] [WARNING] iso_swr: SSR fetch failed for "/api/v9/projects/knesset-watch?latestDeployments=0&rollbackInfo=true&teamId=bren" {error: iso_swr_fetch_error, message: Not authorized} @ https://vercel.com/bren/knesset-watch/settings/environment-variables:746
[     731ms] [WARNING] iso_swr[warn] [client] fallback error for key: "/api/v2/teams/bren" {error: iso_swr_fetch_error, message: Not authorized} @ https://vercel.com/_next/static/chunks/2eh-t6gj3fese.js?dpl=dpl_9GeFkpuncc7yRjfsKpJdz5yTrgP7:2
[    1038ms] [ERROR] Failed to load resource: the server responded with a status of 403 () @ https://vercel.com/api/v1/dashboard/projects/knesset-watch?teamId=bren:0
[    1038ms] [ERROR] Failed to load resource: the server responded with a status of 403 () @ https://vercel.com/api/v2/teams/bren:0
[    1052ms] [WARNING] iso_swr: SSR fetch failed for "/api/v1/storage/stores?skip-metadata=true&teamId=bren" {error: iso_swr_fetch_error, message: Not authorized} @ https://vercel.com/bren/knesset-watch/settings/environment-variables:784
[    1102ms] [ERROR] CustomFetchError: Not authorized
    at f (https://vercel.com/_next/static/chunks/3x6svuph2v_ez.js?dpl=dpl_9GeFkpuncc7yRjfsKpJdz5yTrgP7:2:39653) @ https://vercel.com/_next/static/chunks/01y--5zzwwg65.js?dpl=dpl_9GeFkpuncc7yRjfsKpJdz5yTrgP7:102
[    1182ms] [WARNING] Deprecated API for given entry type. @ https://vercel.com/_next/static/chunks/390_-upaaoe2i.js?dpl=dpl_9GeFkpuncc7yRjfsKpJdz5yTrgP7:18
[    1262ms] [ERROR] Failed to load resource: the server responded with a status of 403 () @ https://vercel.com/api/v1/dashboard/projects/knesset-watch?teamId=bren:0
[    1271ms] [ERROR] Failed to load resource: the server responded with a status of 403 () @ https://vercel.com/api/v2/teams/bren:0
[    1273ms] [ERROR] Failed to load resource: the server responded with a status of 403 () @ https://vercel.com/api/v2/dashboard/projects?favorites=1&limit=25&teamId=bren:0
[    1302ms] [ERROR] Failed to load resource: the server responded with a status of 403 () @ https://vercel.com/api/recents?hydrateLimit=30&limit=7&teamId=bren&type=preview:0
[    5397ms] [WARNING] The resource https://vercel.com/_next/static/chunks/0vw_y4d6dyogb.css?dpl=dpl_9GeFkpuncc7yRjfsKpJdz5yTrgP7 was preloaded using link preload but not used within a few seconds from the window's load event. Please make sure it has an appropriate `as` value and it is preloaded intentionally. @ https://vercel.com/bren/knesset-watch/settings/environment-variables:0
[    5397ms] [WARNING] The resource https://vercel.com/_next/static/chunks/15z6hqmqioxmw.css?dpl=dpl_9GeFkpuncc7yRjfsKpJdz5yTrgP7 was preloaded using link preload but not used within a few seconds from the window's load event. Please make sure it has an appropriate `as` value and it is preloaded intentionally. @ https://vercel.com/bren/knesset-watch/settings/environment-variables:0
