[     215ms] [LOG] %c
▲

    ____                               _ __
   / __ \________  ____ _____ ___     (_) /_
  / / / / ___/ _ \/ __ `/ __ `__ \   / / __/
 / /_/ / /  /  __/ /_/ / / / / / /  / / /__
/_____/_/   \___/\__,_/_/ /_/ /_/  /_/\__( )
   _____ __    _          _ __           |/
  / ___// /_  (_)___     (_) /_
  \__ \/ __ \/ / __ \   / / __/
 ___/ / / / / / /_/ /  / / /_
/____/_/ /_/_/ .___/  /_/\__/
            /_/
  

Hello!

- Open Source https://vercel.com/oss
- Careers https://vercel.com/careers
- Status https://vercel-status.com

 font-family: "Geist Mono", monospace; white-space: pre; line-height: 1; @ https://vercel.com/_next/static/chunks/01y--5zzwwg65.js?dpl=dpl_9GeFkpuncc7yRjfsKpJdz5yTrgP7:72
[    1809ms] [WARNING] Deprecated API for given entry type. @ https://vercel.com/_next/static/chunks/390_-upaaoe2i.js?dpl=dpl_9GeFkpuncc7yRjfsKpJdz5yTrgP7:18
[   12909ms] [WARNING] The resource https://vercel.com/_next/static/chunks/2e1o-5r8yh1-c.css?dpl=dpl_9GeFkpuncc7yRjfsKpJdz5yTrgP7 was preloaded using link preload but not used within a few seconds from the window's load event. Please make sure it has an appropriate `as` value and it is preloaded intentionally. @ https://vercel.com/drors-projects-2fdc212a/knesset-watch/settings/environment-variables:0
[   12909ms] [WARNING] The resource https://vercel.com/_next/static/chunks/11md2guxvv4_w.css?dpl=dpl_9GeFkpuncc7yRjfsKpJdz5yTrgP7 was preloaded using link preload but not used within a few seconds from the window's load event. Please make sure it has an appropriate `as` value and it is preloaded intentionally. @ https://vercel.com/drors-projects-2fdc212a/knesset-watch/settings/environment-variables:0
[   12909ms] [WARNING] The resource https://vercel.com/_next/static/chunks/0bfk5e02tdibj.css?dpl=dpl_9GeFkpuncc7yRjfsKpJdz5yTrgP7 was preloaded using link preload but not used within a few seconds from the window's load event. Please make sure it has an appropriate `as` value and it is preloaded intentionally. @ https://vercel.com/drors-projects-2fdc212a/knesset-watch/settings/environment-variables:0
[   12909ms] [WARNING] The resource https://vercel.com/_next/static/chunks/23gt4n5nm5310.css?dpl=dpl_9GeFkpuncc7yRjfsKpJdz5yTrgP7 was preloaded using link preload but not used within a few seconds from the window's load event. Please make sure it has an appropriate `as` value and it is preloaded intentionally. @ https://vercel.com/drors-projects-2fdc212a/knesset-watch/settings/environment-variables:0
[   12909ms] [WARNING] The resource https://vercel.com/_next/static/chunks/1vv1ryq5lnv_m.css?dpl=dpl_9GeFkpuncc7yRjfsKpJdz5yTrgP7 was preloaded using link preload but not used within a few seconds from the window's load event. Please make sure it has an appropriate `as` value and it is preloaded intentionally. @ https://vercel.com/drors-projects-2fdc212a/knesset-watch/settings/environment-variables:0
[   12909ms] [WARNING] The resource https://vercel.com/_next/static/chunks/26w7cjw9ccgd8.css?dpl=dpl_9GeFkpuncc7yRjfsKpJdz5yTrgP7 was preloaded using link preload but not used within a few seconds from the window's load event. Please make sure it has an appropriate `as` value and it is preloaded intentionally. @ https://vercel.com/drors-projects-2fdc212a/knesset-watch/settings/environment-variables:0
[   12909ms] [WARNING] The resource https://vercel.com/_next/static/chunks/17f0l6hzzjgle.css?dpl=dpl_9GeFkpuncc7yRjfsKpJdz5yTrgP7 was preloaded using link preload but not used within a few seconds from the window's load event. Please make sure it has an appropriate `as` value and it is preloaded intentionally. @ https://vercel.com/drors-projects-2fdc212a/knesset-watch/settings/environment-variables:0
[   12909ms] [WARNING] The resource https://vercel.com/_next/static/chunks/1pfeo9edxy_3j.css?dpl=dpl_9GeFkpuncc7yRjfsKpJdz5yTrgP7 was preloaded using link preload but not used within a few seconds from the window's load event. Please make sure it has an appropriate `as` value and it is preloaded intentionally. @ https://vercel.com/drors-projects-2fdc212a/knesset-watch/settings/environment-variables:0
[   12909ms] [WARNING] The resource https://vercel.com/_next/static/chunks/30eev0j8vyh7f.css?dpl=dpl_9GeFkpuncc7yRjfsKpJdz5yTrgP7 was preloaded using link preload but not used within a few seconds from the window's load event. Please make sure it has an appropriate `as` value and it is preloaded intentionally. @ https://vercel.com/drors-projects-2fdc212a/knesset-watch/settings/environment-variables:0
[   12909ms] [WARNING] The resource https://vercel.com/_next/static/chunks/3nkad1jveclu6.css?dpl=dpl_9GeFkpuncc7yRjfsKpJdz5yTrgP7 was preloaded using link preload but not used within a few seconds from the window's load event. Please make sure it has an appropriate `as` value and it is preloaded intentionally. @ https://vercel.com/drors-projects-2fdc212a/knesset-watch/settings/environment-variables:0
[   12909ms] [WARNING] The resource https://vercel.com/_next/static/chunks/3trafgdyw6a92.css?dpl=dpl_9GeFkpuncc7yRjfsKpJdz5yTrgP7 was preloaded using link preload but not used within a few seconds from the window's load event. Please make sure it has an appropriate `as` value and it is preloaded intentionally. @ https://vercel.com/drors-projects-2fdc212a/knesset-watch/settings/environment-variables:0
[   12909ms] [WARNING] The resource https://vercel.com/_next/static/chunks/24yex-xtxoh--.css?dpl=dpl_9GeFkpuncc7yRjfsKpJdz5yTrgP7 was preloaded using link preload but not used within a few seconds from the window's load event. Please make sure it has an appropriate `as` value and it is preloaded intentionally. @ https://vercel.com/drors-projects-2fdc212a/knesset-watch/settings/environment-variables:0
[   12909ms] [WARNING] The resource https://vercel.com/_next/static/chunks/06yiolhlvvowy.css?dpl=dpl_9GeFkpuncc7yRjfsKpJdz5yTrgP7 was preloaded using link preload but not used within a few seconds from the window's load event. Please make sure it has an appropriate `as` value and it is preloaded intentionally. @ https://vercel.com/drors-projects-2fdc212a/knesset-watch/settings/environment-variables:0
[   12909ms] [WARNING] The resource https://vercel.com/_next/static/chunks/3-uwim4km9d2w.css?dpl=dpl_9GeFkpuncc7yRjfsKpJdz5yTrgP7 was preloaded using link preload but not used within a few seconds from the window's load event. Please make sure it has an appropriate `as` value and it is preloaded intentionally. @ https://vercel.com/drors-projects-2fdc212a/knesset-watch/settings/environment-variables:0
[   12909ms] [WARNING] The resource https://vercel.com/_next/static/chunks/15z6hqmqioxmw.css?dpl=dpl_9GeFkpuncc7yRjfsKpJdz5yTrgP7 was preloaded using link preload but not used within a few seconds from the window's load event. Please make sure it has an appropriate `as` value and it is preloaded intentionally. @ https://vercel.com/drors-projects-2fdc212a/knesset-watch/settings/environment-variables:0
[   12909ms] [WARNING] The resource https://vercel.com/_next/static/chunks/0py1m4_-zl6s0.css?dpl=dpl_9GeFkpuncc7yRjfsKpJdz5yTrgP7 was preloaded using link preload but not used within a few seconds from the window's load event. Please make sure it has an appropriate `as` value and it is preloaded intentionally. @ https://vercel.com/drors-projects-2fdc212a/knesset-watch/settings/environment-variables:0
[   12909ms] [WARNING] The resource https://vercel.com/_next/static/chunks/2s9v6i7_m2k_o.css?dpl=dpl_9GeFkpuncc7yRjfsKpJdz5yTrgP7 was preloaded using link preload but not used within a few seconds from the window's load event. Please make sure it has an appropriate `as` value and it is preloaded intentionally. @ https://vercel.com/drors-projects-2fdc212a/knesset-watch/settings/environment-variables:0
[   12909ms] [WARNING] The resource https://vercel.com/_next/static/chunks/1uw1dgdf8jkn6.css?dpl=dpl_9GeFkpuncc7yRjfsKpJdz5yTrgP7 was preloaded using link preload but not used within a few seconds from the window's load event. Please make sure it has an appropriate `as` value and it is preloaded intentionally. @ https://vercel.com/drors-projects-2fdc212a/knesset-watch/settings/environment-variables:0
[   12909ms] [WARNING] The resource https://vercel.com/_next/static/chunks/0vw_y4d6dyogb.css?dpl=dpl_9GeFkpuncc7yRjfsKpJdz5yTrgP7 was preloaded using link preload but not used within a few seconds from the window's load event. Please make sure it has an appropriate `as` value and it is preloaded intentionally. @ https://vercel.com/drors-projects-2fdc212a/knesset-watch/settings/environment-variables:0
[   12909ms] [WARNING] The resource https://vercel.com/_next/static/chunks/331houzahe0cs.css?dpl=dpl_9GeFkpuncc7yRjfsKpJdz5yTrgP7 was preloaded using link preload but not used within a few seconds from the window's load event. Please make sure it has an appropriate `as` value and it is preloaded intentionally. @ https://vercel.com/drors-projects-2fdc212a/knesset-watch/settings/environment-variables:0
[   21335ms] [WARNING] The resource https://vercel.com/_next/static/chunks/2e1o-5r8yh1-c.css?dpl=dpl_9GeFkpuncc7yRjfsKpJdz5yTrgP7 was preloaded using link preload but not used within a few seconds from the window's load event. Please make sure it has an appropriate `as` value and it is preloaded intentionally. @ https://vercel.com/drors-projects-2fdc212a/knesset-watch/settings/environment-variables:0
[   21335ms] [WARNING] The resource https://vercel.com/_next/static/chunks/11md2guxvv4_w.css?dpl=dpl_9GeFkpuncc7yRjfsKpJdz5yTrgP7 was preloaded using link preload but not used within a few seconds from the window's load event. Please make sure it has an appropriate `as` value and it is preloaded intentionally. @ https://vercel.com/drors-projects-2fdc212a/knesset-watch/settings/environment-variables:0
[   21335ms] [WARNING] The resource https://vercel.com/_next/static/chunks/0bfk5e02tdibj.css?dpl=dpl_9GeFkpuncc7yRjfsKpJdz5yTrgP7 was preloaded using link preload but not used within a few seconds from the window's load event. Please make sure it has an appropriate `as` value and it is preloaded intentionally. @ https://vercel.com/drors-projects-2fdc212a/knesset-watch/settings/environment-variables:0
[   21335ms] [WARNING] The resource https://vercel.com/_next/static/chunks/23gt4n5nm5310.css?dpl=dpl_9GeFkpuncc7yRjfsKpJdz5yTrgP7 was preloaded using link preload but not used within a few seconds from the window's load event. Please make sure it has an appropriate `as` value and it is preloaded intentionally. @ https://vercel.com/drors-projects-2fdc212a/knesset-watch/settings/environment-variables:0
[   21335ms] [WARNING] The resource https://vercel.com/_next/static/chunks/1vv1ryq5lnv_m.css?dpl=dpl_9GeFkpuncc7yRjfsKpJdz5yTrgP7 was preloaded using link preload but not used within a few seconds from the window's load event. Please make sure it has an appropriate `as` value and it is preloaded intentionally. @ https://vercel.com/drors-projects-2fdc212a/knesset-watch/settings/environment-variables:0
[   21335ms] [WARNING] The resource https://vercel.com/_next/static/chunks/26w7cjw9ccgd8.css?dpl=dpl_9GeFkpuncc7yRjfsKpJdz5yTrgP7 was preloaded using link preload but not used within a few seconds from the window's load event. Please make sure it has an appropriate `as` value and it is preloaded intentionally. @ https://vercel.com/drors-projects-2fdc212a/knesset-watch/settings/environment-variables:0
[   21335ms] [WARNING] The resource https://vercel.com/_next/static/chunks/17f0l6hzzjgle.css?dpl=dpl_9GeFkpuncc7yRjfsKpJdz5yTrgP7 was preloaded using link preload but not used within a few seconds from the window's load event. Please make sure it has an appropriate `as` value and it is preloaded intentionally. @ https://vercel.com/drors-projects-2fdc212a/knesset-watch/settings/environment-variables:0
[   21335ms] [WARNING] The resource https://vercel.com/_next/static/chunks/1pfeo9edxy_3j.css?dpl=dpl_9GeFkpuncc7yRjfsKpJdz5yTrgP7 was preloaded using link preload but not used within a few seconds from the window's load event. Please make sure it has an appropriate `as` value and it is preloaded intentionally. @ https://vercel.com/drors-projects-2fdc212a/knesset-watch/settings/environment-variables:0
[   21335ms] [WARNING] The resource https://vercel.com/_next/static/chunks/30eev0j8vyh7f.css?dpl=dpl_9GeFkpuncc7yRjfsKpJdz5yTrgP7 was preloaded using link preload but not used within a few seconds from the window's load event. Please make sure it has an appropriate `as` value and it is preloaded intentionally. @ https://vercel.com/drors-projects-2fdc212a/knesset-watch/settings/environment-variables:0
[   21335ms] [WARNING] The resource https://vercel.com/_next/static/chunks/3nkad1jveclu6.css?dpl=dpl_9GeFkpuncc7yRjfsKpJdz5yTrgP7 was preloaded using link preload but not used within a few seconds from the window's load event. Please make sure it has an appropriate `as` value and it is preloaded intentionally. @ https://vercel.com/drors-projects-2fdc212a/knesset-watch/settings/environment-variables:0
[   21335ms] [WARNING] The resource https://vercel.com/_next/static/chunks/3trafgdyw6a92.css?dpl=dpl_9GeFkpuncc7yRjfsKpJdz5yTrgP7 was preloaded using link preload but not used within a few seconds from the window's load event. Please make sure it has an appropriate `as` value and it is preloaded intentionally. @ https://vercel.com/drors-projects-2fdc212a/knesset-watch/settings/environment-variables:0
[   21335ms] [WARNING] The resource https://vercel.com/_next/static/chunks/24yex-xtxoh--.css?dpl=dpl_9GeFkpuncc7yRjfsKpJdz5yTrgP7 was preloaded using link preload but not used within a few seconds from the window's load event. Please make sure it has an appropriate `as` value and it is preloaded intentionally. @ https://vercel.com/drors-projects-2fdc212a/knesset-watch/settings/environment-variables:0
[   21335ms] [WARNING] The resource https://vercel.com/_next/static/chunks/06yiolhlvvowy.css?dpl=dpl_9GeFkpuncc7yRjfsKpJdz5yTrgP7 was preloaded using link preload but not used within a few seconds from the window's load event. Please make sure it has an appropriate `as` value and it is preloaded intentionally. @ https://vercel.com/drors-projects-2fdc212a/knesset-watch/settings/environment-variables:0
[   21335ms] [WARNING] The resource https://vercel.com/_next/static/chunks/3-uwim4km9d2w.css?dpl=dpl_9GeFkpuncc7yRjfsKpJdz5yTrgP7 was preloaded using link preload but not used within a few seconds from the window's load event. Please make sure it has an appropriate `as` value and it is preloaded intentionally. @ https://vercel.com/drors-projects-2fdc212a/knesset-watch/settings/environment-variables:0
[   21335ms] [WARNING] The resource https://vercel.com/_next/static/chunks/15z6hqmqioxmw.css?dpl=dpl_9GeFkpuncc7yRjfsKpJdz5yTrgP7 was preloaded using link preload but not used within a few seconds from the window's load event. Please make sure it has an appropriate `as` value and it is preloaded intentionally. @ https://vercel.com/drors-projects-2fdc212a/knesset-watch/settings/environment-variables:0
[   21335ms] [WARNING] The resource https://vercel.com/_next/static/chunks/0py1m4_-zl6s0.css?dpl=dpl_9GeFkpuncc7yRjfsKpJdz5yTrgP7 was preloaded using link preload but not used within a few seconds from the window's load event. Please make sure it has an appropriate `as` value and it is preloaded intentionally. @ https://vercel.com/drors-projects-2fdc212a/knesset-watch/settings/environment-variables:0
[   21335ms] [WARNING] The resource https://vercel.com/_next/static/chunks/2s9v6i7_m2k_o.css?dpl=dpl_9GeFkpuncc7yRjfsKpJdz5yTrgP7 was preloaded using link preload but not used within a few seconds from the window's load event. Please make sure it has an appropriate `as` value and it is preloaded intentionally. @ https://vercel.com/drors-projects-2fdc212a/knesset-watch/settings/environment-variables:0
[   21335ms] [WARNING] The resource https://vercel.com/_next/static/chunks/1uw1dgdf8jkn6.css?dpl=dpl_9GeFkpuncc7yRjfsKpJdz5yTrgP7 was preloaded using link preload but not used within a few seconds from the window's load event. Please make sure it has an appropriate `as` value and it is preloaded intentionally. @ https://vercel.com/drors-projects-2fdc212a/knesset-watch/settings/environment-variables:0
[   21335ms] [WARNING] The resource https://vercel.com/_next/static/chunks/0vw_y4d6dyogb.css?dpl=dpl_9GeFkpuncc7yRjfsKpJdz5yTrgP7 was preloaded using link preload but not used within a few seconds from the window's load event. Please make sure it has an appropriate `as` value and it is preloaded intentionally. @ https://vercel.com/drors-projects-2fdc212a/knesset-watch/settings/environment-variables:0
[   21335ms] [WARNING] The resource https://vercel.com/_next/static/chunks/331houzahe0cs.css?dpl=dpl_9GeFkpuncc7yRjfsKpJdz5yTrgP7 was preloaded using link preload but not used within a few seconds from the window's load event. Please make sure it has an appropriate `as` value and it is preloaded intentionally. @ https://vercel.com/drors-projects-2fdc212a/knesset-watch/settings/environment-variables:0
